<!DOCTYPE html>
<html>
  <head>
    <meta charset="utf-8"/>
    <title>Test Report</title>
    <link href="assets/style.css" rel="stylesheet" type="text/css"/></head>
  <body onLoad="init()">
    <script>/* This Source Code Form is subject to the terms of the Mozilla Public
 * License, v. 2.0. If a copy of the MPL was not distributed with this file,
 * You can obtain one at http://mozilla.org/MPL/2.0/. */


function toArray(iter) {
    if (iter === null) {
        return null;
    }
    return Array.prototype.slice.call(iter);
}

function find(selector, elem) {
    if (!elem) {
        elem = document;
    }
    return elem.querySelector(selector);
}

function find_all(selector, elem) {
    if (!elem) {
        elem = document;
    }
    return toArray(elem.querySelectorAll(selector));
}

function sort_column(elem) {
    toggle_sort_states(elem);
    var colIndex = toArray(elem.parentNode.childNodes).indexOf(elem);
    var key;
    if (elem.classList.contains('numeric')) {
        key = key_num;
    } else if (elem.classList.contains('result')) {
        key = key_result;
    } else {
        key = key_alpha;
    }
    sort_table(elem, key(colIndex));
}

function show_all_extras() {
    find_all('.col-result').forEach(show_extras);
}

function hide_all_extras() {
    find_all('.col-result').forEach(hide_extras);
}

function show_extras(colresult_elem) {
    var extras = colresult_elem.parentNode.nextElementSibling;
    var expandcollapse = colresult_elem.firstElementChild;
    extras.classList.remove("collapsed");
    expandcollapse.classList.remove("expander");
    expandcollapse.classList.add("collapser");
}

function hide_extras(colresult_elem) {
    var extras = colresult_elem.parentNode.nextElementSibling;
    var expandcollapse = colresult_elem.firstElementChild;
    extras.classList.add("collapsed");
    expandcollapse.classList.remove("collapser");
    expandcollapse.classList.add("expander");
}

function show_filters() {
    var filter_items = document.getElementsByClassName('filter');
    for (var i = 0; i < filter_items.length; i++)
        filter_items[i].hidden = false;
}

function add_collapse() {
    // Add links for show/hide all
    var resulttable = find('table#results-table');
    var showhideall = document.createElement("p");
    showhideall.innerHTML = '<a href="javascript:show_all_extras()">Show all details</a> / ' +
                            '<a href="javascript:hide_all_extras()">Hide all details</a>';
    resulttable.parentElement.insertBefore(showhideall, resulttable);

    // Add show/hide link to each result
    find_all('.col-result').forEach(function(elem) {
        var collapsed = get_query_parameter('collapsed') || 'Passed';
        var extras = elem.parentNode.nextElementSibling;
        var expandcollapse = document.createElement("span");
        if (collapsed.includes(elem.innerHTML)) {
            extras.classList.add("collapsed");
            expandcollapse.classList.add("expander");
        } else {
            expandcollapse.classList.add("collapser");
        }
        elem.appendChild(expandcollapse);

        elem.addEventListener("click", function(event) {
            if (event.currentTarget.parentNode.nextElementSibling.classList.contains("collapsed")) {
                show_extras(event.currentTarget);
            } else {
                hide_extras(event.currentTarget);
            }
        });
    })
}

function get_query_parameter(name) {
    var match = RegExp('[?&]' + name + '=([^&]*)').exec(window.location.search);
    return match && decodeURIComponent(match[1].replace(/\+/g, ' '));
}

function init () {
    reset_sort_headers();

    add_collapse();

    show_filters();

    toggle_sort_states(find('.initial-sort'));

    find_all('.sortable').forEach(function(elem) {
        elem.addEventListener("click",
                              function(event) {
                                  sort_column(elem);
                              }, false)
    });

};

function sort_table(clicked, key_func) {
    var rows = find_all('.results-table-row');
    var reversed = !clicked.classList.contains('asc');
    var sorted_rows = sort(rows, key_func, reversed);
    /* Whole table is removed here because browsers acts much slower
     * when appending existing elements.
     */
    var thead = document.getElementById("results-table-head");
    document.getElementById('results-table').remove();
    var parent = document.createElement("table");
    parent.id = "results-table";
    parent.appendChild(thead);
    sorted_rows.forEach(function(elem) {
        parent.appendChild(elem);
    });
    document.getElementsByTagName("BODY")[0].appendChild(parent);
}

function sort(items, key_func, reversed) {
    var sort_array = items.map(function(item, i) {
        return [key_func(item), i];
    });
    var multiplier = reversed ? -1 : 1;

    sort_array.sort(function(a, b) {
        var key_a = a[0];
        var key_b = b[0];
        return multiplier * (key_a >= key_b ? 1 : -1);
    });

    return sort_array.map(function(item) {
        var index = item[1];
        return items[index];
    });
}

function key_alpha(col_index) {
    return function(elem) {
        return elem.childNodes[1].childNodes[col_index].firstChild.data.toLowerCase();
    };
}

function key_num(col_index) {
    return function(elem) {
        return parseFloat(elem.childNodes[1].childNodes[col_index].firstChild.data);
    };
}

function key_result(col_index) {
    return function(elem) {
        var strings = ['Error', 'Failed', 'Rerun', 'XFailed', 'XPassed',
                       'Skipped', 'Passed'];
        return strings.indexOf(elem.childNodes[1].childNodes[col_index].firstChild.data);
    };
}

function reset_sort_headers() {
    find_all('.sort-icon').forEach(function(elem) {
        elem.parentNode.removeChild(elem);
    });
    find_all('.sortable').forEach(function(elem) {
        var icon = document.createElement("div");
        icon.className = "sort-icon";
        icon.textContent = "vvv";
        elem.insertBefore(icon, elem.firstChild);
        elem.classList.remove("desc", "active");
        elem.classList.add("asc", "inactive");
    });
}

function toggle_sort_states(elem) {
    //if active, toggle between asc and desc
    if (elem.classList.contains('active')) {
        elem.classList.toggle('asc');
        elem.classList.toggle('desc');
    }

    //if inactive, reset all other functions and add ascending active
    if (elem.classList.contains('inactive')) {
        reset_sort_headers();
        elem.classList.remove('inactive');
        elem.classList.add('active');
    }
}

function is_all_rows_hidden(value) {
  return value.hidden == false;
}

function filter_table(elem) {
    var outcome_att = "data-test-result";
    var outcome = elem.getAttribute(outcome_att);
    class_outcome = outcome + " results-table-row";
    var outcome_rows = document.getElementsByClassName(class_outcome);

    for(var i = 0; i < outcome_rows.length; i++){
        outcome_rows[i].hidden = !elem.checked;
    }

    var rows = find_all('.results-table-row').filter(is_all_rows_hidden);
    var all_rows_hidden = rows.length == 0 ? true : false;
    var not_found_message = document.getElementById("not-found-message");
    not_found_message.hidden = !all_rows_hidden;
}
</script>
    <h1>report.html</h1>
    <p>Report generated on 20-Nov-2018 at 20:22:28 by<a href="https://pypi.python.org/pypi/pytest-html"> pytest-html</a> v1.19.0</p>
    <h2>Environment</h2>
    <table id="environment">
      <tr>
        <td>JAVA_HOME</td>
        <td>C:\Program Files\Java\jdk1.8.0_191</td></tr>
      <tr>
        <td>Packages</td>
        <td>{&apos;pytest&apos;: &apos;3.9.2&apos;, &apos;py&apos;: &apos;1.7.0&apos;, &apos;pluggy&apos;: &apos;0.8.0&apos;}</td></tr>
      <tr>
        <td>Platform</td>
        <td>Windows-10-10.0.17134-SP0</td></tr>
      <tr>
        <td>Plugins</td>
        <td>{&apos;rerunfailures&apos;: &apos;4.2&apos;, &apos;metadata&apos;: &apos;1.7.0&apos;, &apos;html&apos;: &apos;1.19.0&apos;}</td></tr>
      <tr>
        <td>Python</td>
        <td>3.6.4</td></tr></table>
    <h2>Summary</h2>
    <p>8 tests ran in 129.78 seconds. </p>
    <p class="filter" hidden="true">(Un)check the boxes to filter the results.</p><input checked="true" class="filter" data-test-result="passed" disabled="true" hidden="true" name="filter_checkbox" onChange="filter_table(this)" type="checkbox"/><span class="passed">0 passed</span>, <input checked="true" class="filter" data-test-result="skipped" disabled="true" hidden="true" name="filter_checkbox" onChange="filter_table(this)" type="checkbox"/><span class="skipped">0 skipped</span>, <input checked="true" class="filter" data-test-result="failed" hidden="true" name="filter_checkbox" onChange="filter_table(this)" type="checkbox"/><span class="failed">8 failed</span>, <input checked="true" class="filter" data-test-result="error" disabled="true" hidden="true" name="filter_checkbox" onChange="filter_table(this)" type="checkbox"/><span class="error">0 errors</span>, <input checked="true" class="filter" data-test-result="xfailed" disabled="true" hidden="true" name="filter_checkbox" onChange="filter_table(this)" type="checkbox"/><span class="xfailed">0 expected failures</span>, <input checked="true" class="filter" data-test-result="xpassed" disabled="true" hidden="true" name="filter_checkbox" onChange="filter_table(this)" type="checkbox"/><span class="xpassed">0 unexpected passes</span>, <input checked="true" class="filter" data-test-result="rerun" disabled="true" hidden="true" name="filter_checkbox" onChange="filter_table(this)" type="checkbox"/><span class="rerun">0 rerun</span>
    <h2>Results</h2>
    <table id="results-table">
      <thead id="results-table-head">
        <tr>
          <th class="sortable result initial-sort" col="result">Result</th>
          <th class="sortable" col="name">Test</th>
          <th class="sortable numeric" col="duration">Duration</th>
          <th>Links</th></tr>
        <tr hidden="true" id="not-found-message">
          <th colspan="4">No results found. Try to check the filters</th></tr></thead>
      <tbody class="failed results-table-row">
        <tr>
          <td class="col-result">Failed</td>
          <td class="col-name">TestCases/test_login_pytest.py::TestLogin::()::test_login_success</td>
          <td class="col-duration">20.55</td>
          <td class="col-links"></td></tr>
        <tr>
          <td class="extra" colspan="4">
            <div class="log">self = &lt;TestCases.test_login_pytest.TestLogin object at 0x000001C9495F9EF0&gt;<br/>init_loginEnv = [&lt;selenium.webdriver.chrome.webdriver.WebDriver (session=&quot;f0f717ef89cafdf49d59f71385203a79&quot;)&gt;, &lt;PageObjects.login_page.LoginPage object at 0x000001C94AB8ED30&gt;]<br/><br/>    def test_login_success(self,init_loginEnv):<br/>        #用户名，密码，断言：对比数据（yuqing.zhao）<br/>    <br/>&gt;       init_loginEnv[1].login_page(login_data.login_success[&quot;username&quot;],login_data.login_success[&quot;passwd&quot;])<br/><br/>TestCases\test_login_pytest.py:22: <br/>_ _ _ _ _ _ _ _ _ _ _ _ _ _ _ _ _ _ _ _ _ _ _ _ _ _ _ _ _ _ _ _ _ _ _ _ _ _ _ _<br/>PageObjects\login_page.py:15: in login_page<br/>    self.wait_elevisible(self.user_input,model=name)#等待用户名输入框出现<br/>Common\base_page.py:27: in wait_elevisible<br/>    WebDriverWait(self.driver,wait_time,poll_frequency).until(EC.visibility_of_element_located(locator))#等待元素可见，此处可以传入元组形式<br/>_ _ _ _ _ _ _ _ _ _ _ _ _ _ _ _ _ _ _ _ _ _ _ _ _ _ _ _ _ _ _ _ _ _ _ _ _ _ _ _<br/><br/>self = &lt;selenium.webdriver.support.wait.WebDriverWait (session=&quot;f0f717ef89cafdf49d59f71385203a79&quot;)&gt;<br/>method = &lt;selenium.webdriver.support.expected_conditions.visibility_of_element_located object at 0x000001C94AB836A0&gt;<br/>message = &#x27;&#x27;<br/><br/>    def until(self, method, message=&#x27;&#x27;):<br/>        &quot;&quot;&quot;Calls the method provided with the driver as an argument until the \<br/>        return value is not False.&quot;&quot;&quot;<br/>        screen = None<br/>        stacktrace = None<br/>    <br/>        end_time = time.time() + self._timeout<br/>        while True:<br/>            try:<br/>                value = method(self._driver)<br/>                if value:<br/>                    return value<br/>            except self._ignored_exceptions as exc:<br/>                screen = getattr(exc, &#x27;screen&#x27;, None)<br/>                stacktrace = getattr(exc, &#x27;stacktrace&#x27;, None)<br/>            time.sleep(self._poll)<br/>            if time.time() &gt; end_time:<br/>                break<br/>&gt;       raise TimeoutException(message, screen, stacktrace)<br/><span class="error">E       selenium.common.exceptions.TimeoutException: Message:</span><br/><br/>D:\python\lib\site-packages\selenium\webdriver\support\wait.py:80: TimeoutException<br/>---------------------------- Captured stderr setup -----------------------------<br/> Tue, 20 Nov 2018 20:20:19  INFO conftest.py init_loginEnv [ line:21 ] 用例前的准备工作
------------------------------ Captured log setup ------------------------------<br/>conftest.py                 21 INFO     用例前的准备工作----------------------------- Captured stderr call -----------------------------<br/> Tue, 20 Nov 2018 20:20:23  INFO base_page.py wait_elevisible [ line:26 ] 等待操作
 Tue, 20 Nov 2018 20:20:43  ERROR base_page.py wait_elevisible [ line:30 ] 等待元素可见：
Traceback (most recent call last):
  File &quot;E:\test study\python_selenium\selenium_practice\selenium_project1_163mail\Common\base_page.py&quot;, line 27, in wait_elevisible
    WebDriverWait(self.driver,wait_time,poll_frequency).until(EC.visibility_of_element_located(locator))#等待元素可见，此处可以传入元组形式
  File &quot;D:\python\lib\site-packages\selenium\webdriver\support\wait.py&quot;, line 80, in until
    raise TimeoutException(message, screen, stacktrace)
selenium.common.exceptions.TimeoutException: Message: 

 Tue, 20 Nov 2018 20:20:43  INFO base_page.py _screenshot [ line:115 ] 截图成功，图片路径是：E:\test study\python_selenium\selenium_practice\selenium_project1_163mail\ScreenShot/登录页面的登录功能_20181120_202043.png
------------------------------ Captured log call -------------------------------<br/>base_page.py                26 INFO     等待操作
base_page.py                30 ERROR    等待元素可见：
Traceback (most recent call last):
  File &quot;E:\test study\python_selenium\selenium_practice\selenium_project1_163mail\Common\base_page.py&quot;, line 27, in wait_elevisible
    WebDriverWait(self.driver,wait_time,poll_frequency).until(EC.visibility_of_element_located(locator))#等待元素可见，此处可以传入元组形式
  File &quot;D:\python\lib\site-packages\selenium\webdriver\support\wait.py&quot;, line 80, in until
    raise TimeoutException(message, screen, stacktrace)
selenium.common.exceptions.TimeoutException: Message: 

base_page.py               115 INFO     截图成功，图片路径是：E:\test study\python_selenium\selenium_practice\selenium_project1_163mail\ScreenShot/登录页面的登录功能_20181120_202043.png</div></td></tr></tbody>
      <tbody class="failed results-table-row">
        <tr>
          <td class="col-result">Failed</td>
          <td class="col-name">TestCases/test_login_pytest.py::TestLogin::()::test_login_2_fail[data0]</td>
          <td class="col-duration">20.48</td>
          <td class="col-links"></td></tr>
        <tr>
          <td class="extra" colspan="4">
            <div class="log">self = &lt;TestCases.test_login_pytest.TestLogin object at 0x000001C94B4279B0&gt;<br/>init_loginEnv = [&lt;selenium.webdriver.chrome.webdriver.WebDriver (session=&quot;ddcf556353c51358854bb8337115745c&quot;)&gt;, &lt;PageObjects.login_page.LoginPage object at 0x000001C94B454D30&gt;]<br/>data = {&#x27;chheck&#x27;: &#x27;请输入账号&#x27;, &#x27;passwd&#x27;: &#x27;yuqing123456&#x27;, &#x27;username&#x27;: &#x27;&#x27;}<br/><br/>    @pytest.mark.parametrize(&quot;data&quot;,login_data.login_error)<br/>    def test_login_2_fail(self,init_loginEnv,data):<br/>       #用户名，密码，断言：对比数据<br/>&gt;       init_loginEnv[1].login_page(data[&quot;username&quot;],data[&quot;passwd&quot;])<br/><br/>TestCases\test_login_pytest.py:32: <br/>_ _ _ _ _ _ _ _ _ _ _ _ _ _ _ _ _ _ _ _ _ _ _ _ _ _ _ _ _ _ _ _ _ _ _ _ _ _ _ _<br/>PageObjects\login_page.py:15: in login_page<br/>    self.wait_elevisible(self.user_input,model=name)#等待用户名输入框出现<br/>Common\base_page.py:27: in wait_elevisible<br/>    WebDriverWait(self.driver,wait_time,poll_frequency).until(EC.visibility_of_element_located(locator))#等待元素可见，此处可以传入元组形式<br/>_ _ _ _ _ _ _ _ _ _ _ _ _ _ _ _ _ _ _ _ _ _ _ _ _ _ _ _ _ _ _ _ _ _ _ _ _ _ _ _<br/><br/>self = &lt;selenium.webdriver.support.wait.WebDriverWait (session=&quot;ddcf556353c51358854bb8337115745c&quot;)&gt;<br/>method = &lt;selenium.webdriver.support.expected_conditions.visibility_of_element_located object at 0x000001C94B46C4E0&gt;<br/>message = &#x27;&#x27;<br/><br/>    def until(self, method, message=&#x27;&#x27;):<br/>        &quot;&quot;&quot;Calls the method provided with the driver as an argument until the \<br/>        return value is not False.&quot;&quot;&quot;<br/>        screen = None<br/>        stacktrace = None<br/>    <br/>        end_time = time.time() + self._timeout<br/>        while True:<br/>            try:<br/>                value = method(self._driver)<br/>                if value:<br/>                    return value<br/>            except self._ignored_exceptions as exc:<br/>                screen = getattr(exc, &#x27;screen&#x27;, None)<br/>                stacktrace = getattr(exc, &#x27;stacktrace&#x27;, None)<br/>            time.sleep(self._poll)<br/>            if time.time() &gt; end_time:<br/>                break<br/>&gt;       raise TimeoutException(message, screen, stacktrace)<br/><span class="error">E       selenium.common.exceptions.TimeoutException: Message:</span><br/><br/>D:\python\lib\site-packages\selenium\webdriver\support\wait.py:80: TimeoutException<br/>---------------------------- Captured stderr setup -----------------------------<br/> Tue, 20 Nov 2018 20:20:46  INFO conftest.py init_loginEnv [ line:21 ] 用例前的准备工作
------------------------------ Captured log setup ------------------------------<br/>conftest.py                 21 INFO     用例前的准备工作----------------------------- Captured stderr call -----------------------------<br/> Tue, 20 Nov 2018 20:20:50  INFO base_page.py wait_elevisible [ line:26 ] 等待操作
 Tue, 20 Nov 2018 20:21:10  ERROR base_page.py wait_elevisible [ line:30 ] 等待元素可见：
Traceback (most recent call last):
  File &quot;E:\test study\python_selenium\selenium_practice\selenium_project1_163mail\Common\base_page.py&quot;, line 27, in wait_elevisible
    WebDriverWait(self.driver,wait_time,poll_frequency).until(EC.visibility_of_element_located(locator))#等待元素可见，此处可以传入元组形式
  File &quot;D:\python\lib\site-packages\selenium\webdriver\support\wait.py&quot;, line 80, in until
    raise TimeoutException(message, screen, stacktrace)
selenium.common.exceptions.TimeoutException: Message: 

 Tue, 20 Nov 2018 20:21:10  INFO base_page.py _screenshot [ line:115 ] 截图成功，图片路径是：E:\test study\python_selenium\selenium_practice\selenium_project1_163mail\ScreenShot/登录页面的登录功能_20181120_202110.png
------------------------------ Captured log call -------------------------------<br/>base_page.py                26 INFO     等待操作
base_page.py                30 ERROR    等待元素可见：
Traceback (most recent call last):
  File &quot;E:\test study\python_selenium\selenium_practice\selenium_project1_163mail\Common\base_page.py&quot;, line 27, in wait_elevisible
    WebDriverWait(self.driver,wait_time,poll_frequency).until(EC.visibility_of_element_located(locator))#等待元素可见，此处可以传入元组形式
  File &quot;D:\python\lib\site-packages\selenium\webdriver\support\wait.py&quot;, line 80, in until
    raise TimeoutException(message, screen, stacktrace)
selenium.common.exceptions.TimeoutException: Message: 

base_page.py               115 INFO     截图成功，图片路径是：E:\test study\python_selenium\selenium_practice\selenium_project1_163mail\ScreenShot/登录页面的登录功能_20181120_202110.png</div></td></tr></tbody>
      <tbody class="failed results-table-row">
        <tr>
          <td class="col-result">Failed</td>
          <td class="col-name">TestCases/test_login_pytest.py::TestLogin::()::test_login_2_fail[data1]</td>
          <td class="col-duration">20.76</td>
          <td class="col-links"></td></tr>
        <tr>
          <td class="extra" colspan="4">
            <div class="log">self = &lt;TestCases.test_login_pytest.TestLogin object at 0x000001C94B489198&gt;<br/>init_loginEnv = [&lt;selenium.webdriver.chrome.webdriver.WebDriver (session=&quot;04455a40674b4d14997f788dc7649af3&quot;)&gt;, &lt;PageObjects.login_page.LoginPage object at 0x000001C94B47EF28&gt;]<br/>data = {&#x27;chheck&#x27;: &#x27;请输入密码&#x27;, &#x27;passwd&#x27;: &#x27;&#x27;, &#x27;username&#x27;: &#x27;18181436390&#x27;}<br/><br/>    @pytest.mark.parametrize(&quot;data&quot;,login_data.login_error)<br/>    def test_login_2_fail(self,init_loginEnv,data):<br/>       #用户名，密码，断言：对比数据<br/>&gt;       init_loginEnv[1].login_page(data[&quot;username&quot;],data[&quot;passwd&quot;])<br/><br/>TestCases\test_login_pytest.py:32: <br/>_ _ _ _ _ _ _ _ _ _ _ _ _ _ _ _ _ _ _ _ _ _ _ _ _ _ _ _ _ _ _ _ _ _ _ _ _ _ _ _<br/>PageObjects\login_page.py:15: in login_page<br/>    self.wait_elevisible(self.user_input,model=name)#等待用户名输入框出现<br/>Common\base_page.py:27: in wait_elevisible<br/>    WebDriverWait(self.driver,wait_time,poll_frequency).until(EC.visibility_of_element_located(locator))#等待元素可见，此处可以传入元组形式<br/>_ _ _ _ _ _ _ _ _ _ _ _ _ _ _ _ _ _ _ _ _ _ _ _ _ _ _ _ _ _ _ _ _ _ _ _ _ _ _ _<br/><br/>self = &lt;selenium.webdriver.support.wait.WebDriverWait (session=&quot;04455a40674b4d14997f788dc7649af3&quot;)&gt;<br/>method = &lt;selenium.webdriver.support.expected_conditions.visibility_of_element_located object at 0x000001C94B47EA90&gt;<br/>message = &#x27;&#x27;<br/><br/>    def until(self, method, message=&#x27;&#x27;):<br/>        &quot;&quot;&quot;Calls the method provided with the driver as an argument until the \<br/>        return value is not False.&quot;&quot;&quot;<br/>        screen = None<br/>        stacktrace = None<br/>    <br/>        end_time = time.time() + self._timeout<br/>        while True:<br/>            try:<br/>                value = method(self._driver)<br/>                if value:<br/>                    return value<br/>            except self._ignored_exceptions as exc:<br/>                screen = getattr(exc, &#x27;screen&#x27;, None)<br/>                stacktrace = getattr(exc, &#x27;stacktrace&#x27;, None)<br/>            time.sleep(self._poll)<br/>            if time.time() &gt; end_time:<br/>                break<br/>&gt;       raise TimeoutException(message, screen, stacktrace)<br/><span class="error">E       selenium.common.exceptions.TimeoutException: Message:</span><br/><br/>D:\python\lib\site-packages\selenium\webdriver\support\wait.py:80: TimeoutException<br/>---------------------------- Captured stderr setup -----------------------------<br/> Tue, 20 Nov 2018 20:21:13  INFO conftest.py init_loginEnv [ line:21 ] 用例前的准备工作
------------------------------ Captured log setup ------------------------------<br/>conftest.py                 21 INFO     用例前的准备工作----------------------------- Captured stderr call -----------------------------<br/> Tue, 20 Nov 2018 20:21:17  INFO base_page.py wait_elevisible [ line:26 ] 等待操作
 Tue, 20 Nov 2018 20:21:37  ERROR base_page.py wait_elevisible [ line:30 ] 等待元素可见：
Traceback (most recent call last):
  File &quot;E:\test study\python_selenium\selenium_practice\selenium_project1_163mail\Common\base_page.py&quot;, line 27, in wait_elevisible
    WebDriverWait(self.driver,wait_time,poll_frequency).until(EC.visibility_of_element_located(locator))#等待元素可见，此处可以传入元组形式
  File &quot;D:\python\lib\site-packages\selenium\webdriver\support\wait.py&quot;, line 80, in until
    raise TimeoutException(message, screen, stacktrace)
selenium.common.exceptions.TimeoutException: Message: 

 Tue, 20 Nov 2018 20:21:38  INFO base_page.py _screenshot [ line:115 ] 截图成功，图片路径是：E:\test study\python_selenium\selenium_practice\selenium_project1_163mail\ScreenShot/登录页面的登录功能_20181120_202137.png
------------------------------ Captured log call -------------------------------<br/>base_page.py                26 INFO     等待操作
base_page.py                30 ERROR    等待元素可见：
Traceback (most recent call last):
  File &quot;E:\test study\python_selenium\selenium_practice\selenium_project1_163mail\Common\base_page.py&quot;, line 27, in wait_elevisible
    WebDriverWait(self.driver,wait_time,poll_frequency).until(EC.visibility_of_element_located(locator))#等待元素可见，此处可以传入元组形式
  File &quot;D:\python\lib\site-packages\selenium\webdriver\support\wait.py&quot;, line 80, in until
    raise TimeoutException(message, screen, stacktrace)
selenium.common.exceptions.TimeoutException: Message: 

base_page.py               115 INFO     截图成功，图片路径是：E:\test study\python_selenium\selenium_practice\selenium_project1_163mail\ScreenShot/登录页面的登录功能_20181120_202137.png</div></td></tr></tbody>
      <tbody class="failed results-table-row">
        <tr>
          <td class="col-result">Failed</td>
          <td class="col-name">TestCases/test_login_pytest.py::TestLogin::()::test_login_2_fail[data2]</td>
          <td class="col-duration">20.83</td>
          <td class="col-links"></td></tr>
        <tr>
          <td class="extra" colspan="4">
            <div class="log">self = &lt;TestCases.test_login_pytest.TestLogin object at 0x000001C94B48E320&gt;<br/>init_loginEnv = [&lt;selenium.webdriver.chrome.webdriver.WebDriver (session=&quot;d85e39ac15425c9f655a2466ec8176bc&quot;)&gt;, &lt;PageObjects.login_page.LoginPage object at 0x000001C94B46CAC8&gt;]<br/>data = {&#x27;chheck&#x27;: &#x27;账号或密码错误&#x27;, &#x27;passwd&#x27;: &#x27;yuqing123456&#x27;, &#x27;username&#x27;: &#x27;181816390&#x27;}<br/><br/>    @pytest.mark.parametrize(&quot;data&quot;,login_data.login_error)<br/>    def test_login_2_fail(self,init_loginEnv,data):<br/>       #用户名，密码，断言：对比数据<br/>&gt;       init_loginEnv[1].login_page(data[&quot;username&quot;],data[&quot;passwd&quot;])<br/><br/>TestCases\test_login_pytest.py:32: <br/>_ _ _ _ _ _ _ _ _ _ _ _ _ _ _ _ _ _ _ _ _ _ _ _ _ _ _ _ _ _ _ _ _ _ _ _ _ _ _ _<br/>PageObjects\login_page.py:15: in login_page<br/>    self.wait_elevisible(self.user_input,model=name)#等待用户名输入框出现<br/>Common\base_page.py:27: in wait_elevisible<br/>    WebDriverWait(self.driver,wait_time,poll_frequency).until(EC.visibility_of_element_located(locator))#等待元素可见，此处可以传入元组形式<br/>_ _ _ _ _ _ _ _ _ _ _ _ _ _ _ _ _ _ _ _ _ _ _ _ _ _ _ _ _ _ _ _ _ _ _ _ _ _ _ _<br/><br/>self = &lt;selenium.webdriver.support.wait.WebDriverWait (session=&quot;d85e39ac15425c9f655a2466ec8176bc&quot;)&gt;<br/>method = &lt;selenium.webdriver.support.expected_conditions.visibility_of_element_located object at 0x000001C94B46CE48&gt;<br/>message = &#x27;&#x27;<br/><br/>    def until(self, method, message=&#x27;&#x27;):<br/>        &quot;&quot;&quot;Calls the method provided with the driver as an argument until the \<br/>        return value is not False.&quot;&quot;&quot;<br/>        screen = None<br/>        stacktrace = None<br/>    <br/>        end_time = time.time() + self._timeout<br/>        while True:<br/>            try:<br/>                value = method(self._driver)<br/>                if value:<br/>                    return value<br/>            except self._ignored_exceptions as exc:<br/>                screen = getattr(exc, &#x27;screen&#x27;, None)<br/>                stacktrace = getattr(exc, &#x27;stacktrace&#x27;, None)<br/>            time.sleep(self._poll)<br/>            if time.time() &gt; end_time:<br/>                break<br/>&gt;       raise TimeoutException(message, screen, stacktrace)<br/><span class="error">E       selenium.common.exceptions.TimeoutException: Message:</span><br/><br/>D:\python\lib\site-packages\selenium\webdriver\support\wait.py:80: TimeoutException<br/>---------------------------- Captured stderr setup -----------------------------<br/> Tue, 20 Nov 2018 20:21:40  INFO conftest.py init_loginEnv [ line:21 ] 用例前的准备工作
------------------------------ Captured log setup ------------------------------<br/>conftest.py                 21 INFO     用例前的准备工作----------------------------- Captured stderr call -----------------------------<br/> Tue, 20 Nov 2018 20:21:44  INFO base_page.py wait_elevisible [ line:26 ] 等待操作
 Tue, 20 Nov 2018 20:22:05  ERROR base_page.py wait_elevisible [ line:30 ] 等待元素可见：
Traceback (most recent call last):
  File &quot;E:\test study\python_selenium\selenium_practice\selenium_project1_163mail\Common\base_page.py&quot;, line 27, in wait_elevisible
    WebDriverWait(self.driver,wait_time,poll_frequency).until(EC.visibility_of_element_located(locator))#等待元素可见，此处可以传入元组形式
  File &quot;D:\python\lib\site-packages\selenium\webdriver\support\wait.py&quot;, line 80, in until
    raise TimeoutException(message, screen, stacktrace)
selenium.common.exceptions.TimeoutException: Message: 

 Tue, 20 Nov 2018 20:22:05  INFO base_page.py _screenshot [ line:115 ] 截图成功，图片路径是：E:\test study\python_selenium\selenium_practice\selenium_project1_163mail\ScreenShot/登录页面的登录功能_20181120_202205.png
------------------------------ Captured log call -------------------------------<br/>base_page.py                26 INFO     等待操作
base_page.py                30 ERROR    等待元素可见：
Traceback (most recent call last):
  File &quot;E:\test study\python_selenium\selenium_practice\selenium_project1_163mail\Common\base_page.py&quot;, line 27, in wait_elevisible
    WebDriverWait(self.driver,wait_time,poll_frequency).until(EC.visibility_of_element_located(locator))#等待元素可见，此处可以传入元组形式
  File &quot;D:\python\lib\site-packages\selenium\webdriver\support\wait.py&quot;, line 80, in until
    raise TimeoutException(message, screen, stacktrace)
selenium.common.exceptions.TimeoutException: Message: 

base_page.py               115 INFO     截图成功，图片路径是：E:\test study\python_selenium\selenium_practice\selenium_project1_163mail\ScreenShot/登录页面的登录功能_20181120_202205.png</div></td></tr></tbody>
      <tbody class="failed results-table-row">
        <tr>
          <td class="col-result">Failed</td>
          <td class="col-name">TestCases/test_login_uinttest.py::TestLogin::test_login_1_success</td>
          <td class="col-duration">5.27</td>
          <td class="col-links"></td></tr>
        <tr>
          <td class="extra" colspan="4">
            <div class="log">self = &lt;TestCases.test_login_uinttest.TestLogin testMethod=test_login_1_success&gt;<br/><br/>    def test_login_1_success(self):<br/>        #切换到iframe弹框<br/>&gt;       BasePage().switch_to_frame(self.iframe)<br/><span class="error">E       TypeError: __init__() missing 1 required positional argument: &#x27;driver&#x27;</span><br/><br/>TestCases\test_login_uinttest.py:29: TypeError<br/></div></td></tr></tbody>
      <tbody class="failed results-table-row">
        <tr>
          <td class="col-result">Failed</td>
          <td class="col-name">TestCases/test_login_uinttest.py::TestLogin::test_login_2_fail_1</td>
          <td class="col-duration">5.11</td>
          <td class="col-links"></td></tr>
        <tr>
          <td class="extra" colspan="4">
            <div class="log">self = &lt;TestCases.test_login_uinttest.TestLogin testMethod=test_login_2_fail_1&gt;<br/>data = {&#x27;chheck&#x27;: &#x27;请输入账号&#x27;, &#x27;passwd&#x27;: &#x27;yuqing123456&#x27;, &#x27;username&#x27;: &#x27;&#x27;}<br/><br/>    @ddt.data(*login_error)<br/>    def test_login_2_fail(self,data):<br/>         #切换到iframe弹框<br/>&gt;       self.switch_to_frame(self.iframe)<br/><span class="error">E       AttributeError: &#x27;TestLogin&#x27; object has no attribute &#x27;switch_to_frame&#x27;</span><br/><br/>TestCases\test_login_uinttest.py:40: AttributeError<br/></div></td></tr></tbody>
      <tbody class="failed results-table-row">
        <tr>
          <td class="col-result">Failed</td>
          <td class="col-name">TestCases/test_login_uinttest.py::TestLogin::test_login_2_fail_2</td>
          <td class="col-duration">5.20</td>
          <td class="col-links"></td></tr>
        <tr>
          <td class="extra" colspan="4">
            <div class="log">self = &lt;TestCases.test_login_uinttest.TestLogin testMethod=test_login_2_fail_2&gt;<br/>data = {&#x27;chheck&#x27;: &#x27;请输入密码&#x27;, &#x27;passwd&#x27;: &#x27;&#x27;, &#x27;username&#x27;: &#x27;18181436390&#x27;}<br/><br/>    @ddt.data(*login_error)<br/>    def test_login_2_fail(self,data):<br/>         #切换到iframe弹框<br/>&gt;       self.switch_to_frame(self.iframe)<br/><span class="error">E       AttributeError: &#x27;TestLogin&#x27; object has no attribute &#x27;switch_to_frame&#x27;</span><br/><br/>TestCases\test_login_uinttest.py:40: AttributeError<br/></div></td></tr></tbody>
      <tbody class="failed results-table-row">
        <tr>
          <td class="col-result">Failed</td>
          <td class="col-name">TestCases/test_login_uinttest.py::TestLogin::test_login_2_fail_3</td>
          <td class="col-duration">5.37</td>
          <td class="col-links"></td></tr>
        <tr>
          <td class="extra" colspan="4">
            <div class="log">self = &lt;TestCases.test_login_uinttest.TestLogin testMethod=test_login_2_fail_3&gt;<br/>data = {&#x27;chheck&#x27;: &#x27;账号或密码错误&#x27;, &#x27;passwd&#x27;: &#x27;yuqing123456&#x27;, &#x27;username&#x27;: &#x27;181816390&#x27;}<br/><br/>    @ddt.data(*login_error)<br/>    def test_login_2_fail(self,data):<br/>         #切换到iframe弹框<br/>&gt;       self.switch_to_frame(self.iframe)<br/><span class="error">E       AttributeError: &#x27;TestLogin&#x27; object has no attribute &#x27;switch_to_frame&#x27;</span><br/><br/>TestCases\test_login_uinttest.py:40: AttributeError<br/></div></td></tr></tbody></table></body></html>